<?xml version="1.0" encoding="UTF-8"?>
<coverage generated="1408843486">
  <project timestamp="1408843486">
    <file name="/var/www/mount/patterns/src/application/Example.php">
      <class name="Example" namespace="global">
        <metrics methods="2" coveredmethods="1" conditionals="0" coveredconditionals="0" statements="2" coveredstatements="1" elements="4" coveredelements="2"/>
      </class>
      <line num="5" type="method" name="foo" crap="1" count="2"/>
      <line num="6" type="stmt" count="2"/>
      <line num="9" type="method" name="bar" crap="2" count="0"/>
      <line num="10" type="stmt" count="0"/>
      <metrics loc="12" ncloc="12" classes="1" methods="2" coveredmethods="1" conditionals="0" coveredconditionals="0" statements="2" coveredstatements="1" elements="4" coveredelements="2"/>
    </file>
    <metrics files="1" loc="12" ncloc="12" classes="1" methods="2" coveredmethods="1" conditionals="0" coveredconditionals="0" statements="2" coveredstatements="1" elements="4" coveredelements="2"/>
  </project>
</coverage>
